build/app/intermediates/manifest_merge_blame_file/release/manifest-merger-blame-release-report.txt
1<?xml version="1.0" encoding="utf-8"?>
2<manifest xmlns:android="http://schemas.android.com/apk/res/android"
3    package="com.example.fresh_fish_app"
4    android:versionCode="1"
5    android:versionName="1.0.0" >
6
7    <uses-sdk
8        android:minSdkVersion="21"
9        android:targetSdkVersion="34" />
10    <!--
11         Required to query activities that can process text, see:
12         https://developer.android.com/training/package-visibility and
13         https://developer.android.com/reference/android/content/Intent#ACTION_PROCESS_TEXT.
14
15         In particular, this is used by the Flutter engine in io.flutter.plugin.text.ProcessTextPlugin.
16    -->
17    <queries>
17-->src/main/AndroidManifest.xml:44:5-49:15
18        <intent>
18-->src/main/AndroidManifest.xml:45:9-48:18
19            <action android:name="android.intent.action.PROCESS_TEXT" />
19-->src/main/AndroidManifest.xml:46:13-72
19-->src/main/AndroidManifest.xml:46:21-70
20
21            <data android:mimeType="text/plain" />
21-->src/main/AndroidManifest.xml:47:13-50
21-->src/main/AndroidManifest.xml:47:19-48
22        </intent>
23    </queries>
24
25    <uses-permission android:name="android.permission.INTERNET" />
25-->src/main/AndroidManifest.xml:50:5-67
25-->src/main/AndroidManifest.xml:50:22-64
26
27    <permission
27-->[androidx.core:core:1.13.1] AndroidManifest.xml:22:5-24:47
28        android:name="com.example.fresh_fish_app.DYNAMIC_RECEIVER_NOT_EXPORTED_PERMISSION"
28-->[androidx.core:core:1.13.1] AndroidManifest.xml:23:9-81
29        android:protectionLevel="signature" />
29-->[androidx.core:core:1.13.1] AndroidManifest.xml:24:9-44
30
31    <uses-permission android:name="com.example.fresh_fish_app.DYNAMIC_RECEIVER_NOT_EXPORTED_PERMISSION" />
31-->[androidx.core:core:1.13.1] AndroidManifest.xml:26:5-97
31-->[androidx.core:core:1.13.1] AndroidManifest.xml:26:22-94
32
33    <application
34        android:name="android.app.Application"
34-->src/main/AndroidManifest.xml:4:9-42
35        android:appComponentFactory="androidx.core.app.CoreComponentFactory"
35-->[androidx.core:core:1.13.1] AndroidManifest.xml:28:18-86
36        android:extractNativeLibs="true"
37        android:icon="@mipmap/ic_launcher"
37-->src/main/AndroidManifest.xml:5:9-43
38        android:label="fresh_fish_app" >
38-->src/main/AndroidManifest.xml:3:9-39
39        <activity
39-->src/main/AndroidManifest.xml:6:9-28:20
40            android:name="com.example.fresh_fish_app.MainActivity"
40-->src/main/AndroidManifest.xml:7:13-41
41            android:configChanges="orientation|keyboardHidden|keyboard|screenSize|smallestScreenSize|locale|layoutDirection|fontScale|screenLayout|density|uiMode"
41-->src/main/AndroidManifest.xml:12:13-163
42            android:exported="true"
42-->src/main/AndroidManifest.xml:8:13-36
43            android:hardwareAccelerated="true"
43-->src/main/AndroidManifest.xml:13:13-47
44            android:launchMode="singleTop"
44-->src/main/AndroidManifest.xml:9:13-43
45            android:screenOrientation="portrait"
45-->src/main/AndroidManifest.xml:14:13-49
46            android:taskAffinity=""
46-->src/main/AndroidManifest.xml:10:13-36
47            android:theme="@style/LaunchTheme"
47-->src/main/AndroidManifest.xml:11:13-47
48            android:windowSoftInputMode="adjustResize" >
48-->src/main/AndroidManifest.xml:15:13-55
49
50            <!--
51                 Specifies an Android theme to apply to this Activity as soon as
52                 the Android process has started. This theme is visible to the user
53                 while the Flutter UI initializes. After that, this theme continues
54                 to determine the Window background behind the Flutter UI.
55            -->
56            <meta-data
56-->src/main/AndroidManifest.xml:20:13-23:17
57                android:name="io.flutter.embedding.android.NormalTheme"
57-->src/main/AndroidManifest.xml:21:15-70
58                android:resource="@style/NormalTheme" />
58-->src/main/AndroidManifest.xml:22:15-52
59
60            <intent-filter>
60-->src/main/AndroidManifest.xml:24:13-27:29
61                <action android:name="android.intent.action.MAIN" />
61-->src/main/AndroidManifest.xml:25:17-68
61-->src/main/AndroidManifest.xml:25:25-66
62
63                <category android:name="android.intent.category.LAUNCHER" />
63-->src/main/AndroidManifest.xml:26:17-76
63-->src/main/AndroidManifest.xml:26:27-74
64            </intent-filter>
65        </activity>
66        <activity
66-->src/main/AndroidManifest.xml:29:9-32:71
67            android:name="com.yalantis.ucrop.UCropActivity"
67-->src/main/AndroidManifest.xml:30:13-60
68            android:screenOrientation="portrait"
68-->src/main/AndroidManifest.xml:31:13-49
69            android:theme="@style/Theme.AppCompat.Light.NoActionBar" />
69-->src/main/AndroidManifest.xml:32:13-69
70        <!--
71             Don't delete the meta-data below.
72             This is used by the Flutter tool to generate GeneratedPluginRegistrant.java
73        -->
74        <meta-data
74-->src/main/AndroidManifest.xml:35:9-37:33
75            android:name="flutterEmbedding"
75-->src/main/AndroidManifest.xml:36:13-44
76            android:value="2" />
76-->src/main/AndroidManifest.xml:37:13-30
77
78        <provider
78-->[:image_picker_android] AndroidManifest.xml:9:9-17:20
79            android:name="io.flutter.plugins.imagepicker.ImagePickerFileProvider"
79-->[:image_picker_android] AndroidManifest.xml:10:13-82
80            android:authorities="com.example.fresh_fish_app.flutter.image_provider"
80-->[:image_picker_android] AndroidManifest.xml:11:13-74
81            android:exported="false"
81-->[:image_picker_android] AndroidManifest.xml:12:13-37
82            android:grantUriPermissions="true" >
82-->[:image_picker_android] AndroidManifest.xml:13:13-47
83            <meta-data
83-->[:image_picker_android] AndroidManifest.xml:14:13-16:75
84                android:name="android.support.FILE_PROVIDER_PATHS"
84-->[:image_picker_android] AndroidManifest.xml:15:17-67
85                android:resource="@xml/flutter_image_picker_file_paths" />
85-->[:image_picker_android] AndroidManifest.xml:16:17-72
86        </provider> <!-- Trigger Google Play services to install the backported photo picker module. -->
87        <service
87-->[:image_picker_android] AndroidManifest.xml:19:9-31:19
88            android:name="com.google.android.gms.metadata.ModuleDependencies"
88-->[:image_picker_android] AndroidManifest.xml:20:13-78
89            android:enabled="false"
89-->[:image_picker_android] AndroidManifest.xml:21:13-36
90            android:exported="false" >
90-->[:image_picker_android] AndroidManifest.xml:22:13-37
91            <intent-filter>
91-->[:image_picker_android] AndroidManifest.xml:24:13-26:29
92                <action android:name="com.google.android.gms.metadata.MODULE_DEPENDENCIES" />
92-->[:image_picker_android] AndroidManifest.xml:25:17-94
92-->[:image_picker_android] AndroidManifest.xml:25:25-91
93            </intent-filter>
94
95            <meta-data
95-->[:image_picker_android] AndroidManifest.xml:28:13-30:36
96                android:name="photopicker_activity:0:required"
96-->[:image_picker_android] AndroidManifest.xml:29:17-63
97                android:value="" />
97-->[:image_picker_android] AndroidManifest.xml:30:17-33
98        </service>
99
100        <uses-library
100-->[androidx.window:window:1.2.0] AndroidManifest.xml:23:9-25:40
101            android:name="androidx.window.extensions"
101-->[androidx.window:window:1.2.0] AndroidManifest.xml:24:13-54
102            android:required="false" />
102-->[androidx.window:window:1.2.0] AndroidManifest.xml:25:13-37
103        <uses-library
103-->[androidx.window:window:1.2.0] AndroidManifest.xml:26:9-28:40
104            android:name="androidx.window.sidecar"
104-->[androidx.window:window:1.2.0] AndroidManifest.xml:27:13-51
105            android:required="false" />
105-->[androidx.window:window:1.2.0] AndroidManifest.xml:28:13-37
106
107        <provider
107-->[androidx.emoji2:emoji2:1.2.0] AndroidManifest.xml:24:9-32:20
108            android:name="androidx.startup.InitializationProvider"
108-->[androidx.emoji2:emoji2:1.2.0] AndroidManifest.xml:25:13-67
109            android:authorities="com.example.fresh_fish_app.androidx-startup"
109-->[androidx.emoji2:emoji2:1.2.0] AndroidManifest.xml:26:13-68
110            android:exported="false" >
110-->[androidx.emoji2:emoji2:1.2.0] AndroidManifest.xml:27:13-37
111            <meta-data
111-->[androidx.emoji2:emoji2:1.2.0] AndroidManifest.xml:29:13-31:52
112                android:name="androidx.emoji2.text.EmojiCompatInitializer"
112-->[androidx.emoji2:emoji2:1.2.0] AndroidManifest.xml:30:17-75
113                android:value="androidx.startup" />
113-->[androidx.emoji2:emoji2:1.2.0] AndroidManifest.xml:31:17-49
114            <meta-data
114-->[androidx.lifecycle:lifecycle-process:2.7.0] AndroidManifest.xml:29:13-31:52
115                android:name="androidx.lifecycle.ProcessLifecycleInitializer"
115-->[androidx.lifecycle:lifecycle-process:2.7.0] AndroidManifest.xml:30:17-78
116                android:value="androidx.startup" />
116-->[androidx.lifecycle:lifecycle-process:2.7.0] AndroidManifest.xml:31:17-49
117            <meta-data
117-->[androidx.profileinstaller:profileinstaller:1.3.1] AndroidManifest.xml:29:13-31:52
118                android:name="androidx.profileinstaller.ProfileInstallerInitializer"
118-->[androidx.profileinstaller:profileinstaller:1.3.1] AndroidManifest.xml:30:17-85
119                android:value="androidx.startup" />
119-->[androidx.profileinstaller:profileinstaller:1.3.1] AndroidManifest.xml:31:17-49
120        </provider>
121
122        <receiver
122-->[androidx.profileinstaller:profileinstaller:1.3.1] AndroidManifest.xml:34:9-52:20
123            android:name="androidx.profileinstaller.ProfileInstallReceiver"
123-->[androidx.profileinstaller:profileinstaller:1.3.1] AndroidManifest.xml:35:13-76
124            android:directBootAware="false"
124-->[androidx.profileinstaller:profileinstaller:1.3.1] AndroidManifest.xml:36:13-44
125            android:enabled="true"
125-->[androidx.profileinstaller:profileinstaller:1.3.1] AndroidManifest.xml:37:13-35
126            android:exported="true"
126-->[androidx.profileinstaller:profileinstaller:1.3.1] AndroidManifest.xml:38:13-36
127            android:permission="android.permission.DUMP" >
127-->[androidx.profileinstaller:profileinstaller:1.3.1] AndroidManifest.xml:39:13-57
128            <intent-filter>
128-->[androidx.profileinstaller:profileinstaller:1.3.1] AndroidManifest.xml:40:13-42:29
129                <action android:name="androidx.profileinstaller.action.INSTALL_PROFILE" />
129-->[androidx.profileinstaller:profileinstaller:1.3.1] AndroidManifest.xml:41:17-91
129-->[androidx.profileinstaller:profileinstaller:1.3.1] AndroidManifest.xml:41:25-88
130            </intent-filter>
131            <intent-filter>
131-->[androidx.profileinstaller:profileinstaller:1.3.1] AndroidManifest.xml:43:13-45:29
132                <action android:name="androidx.profileinstaller.action.SKIP_FILE" />
132-->[androidx.profileinstaller:profileinstaller:1.3.1] AndroidManifest.xml:44:17-85
132-->[androidx.profileinstaller:profileinstaller:1.3.1] AndroidManifest.xml:44:25-82
133            </intent-filter>
134            <intent-filter>
134-->[androidx.profileinstaller:profileinstaller:1.3.1] AndroidManifest.xml:46:13-48:29
135                <action android:name="androidx.profileinstaller.action.SAVE_PROFILE" />
135-->[androidx.profileinstaller:profileinstaller:1.3.1] AndroidManifest.xml:47:17-88
135-->[androidx.profileinstaller:profileinstaller:1.3.1] AndroidManifest.xml:47:25-85
136            </intent-filter>
137            <intent-filter>
137-->[androidx.profileinstaller:profileinstaller:1.3.1] AndroidManifest.xml:49:13-51:29
138                <action android:name="androidx.profileinstaller.action.BENCHMARK_OPERATION" />
138-->[androidx.profileinstaller:profileinstaller:1.3.1] AndroidManifest.xml:50:17-95
138-->[androidx.profileinstaller:profileinstaller:1.3.1] AndroidManifest.xml:50:25-92
139            </intent-filter>
140        </receiver>
141    </application>
142
143</manifest>